e:\数据结构\union\union\x64\debug\vc143.pdb
e:\数据结构\union\union\x64\debug\vc143.idb
e:\数据结构\union\union\x64\debug\union.obj
e:\数据结构\union\union\x64\debug\main.obj
e:\数据结构\union\x64\debug\union.pdb
e:\数据结构\union\union\x64\debug\union.tlog\cl.command.1.tlog
e:\数据结构\union\union\x64\debug\union.tlog\cl.read.1.tlog
e:\数据结构\union\union\x64\debug\union.tlog\cl.write.1.tlog
e:\数据结构\union\union\x64\debug\union.tlog\link-cvtres.read.1.tlog
e:\数据结构\union\union\x64\debug\union.tlog\link-cvtres.write.1.tlog
e:\数据结构\union\union\x64\debug\union.tlog\link-rc.read.1.tlog
e:\数据结构\union\union\x64\debug\union.tlog\link-rc.write.1.tlog
e:\数据结构\union\union\x64\debug\union.tlog\link.23400-cvtres.read.1.tlog
e:\数据结构\union\union\x64\debug\union.tlog\link.23400-cvtres.write.1.tlog
e:\数据结构\union\union\x64\debug\union.tlog\link.23400-rc.read.1.tlog
e:\数据结构\union\union\x64\debug\union.tlog\link.23400-rc.write.1.tlog
e:\数据结构\union\union\x64\debug\union.tlog\link.23400.read.1.tlog
e:\数据结构\union\union\x64\debug\union.tlog\link.23400.read.2.tlog
e:\数据结构\union\union\x64\debug\union.tlog\link.23400.write.1.tlog
e:\数据结构\union\union\x64\debug\union.tlog\link.command.1.tlog
e:\数据结构\union\union\x64\debug\union.tlog\link.read.1.tlog
e:\数据结构\union\union\x64\debug\union.tlog\link.read.2.tlog
e:\数据结构\union\union\x64\debug\union.tlog\link.write.1.tlog
