d:\数据结构2023\stack\stack\x64\debug\vc143.pdb
d:\数据结构2023\stack\stack\x64\debug\vc143.idb
d:\数据结构2023\stack\stack\x64\debug\stack.obj
d:\数据结构2023\stack\stack\x64\debug\main.obj
d:\数据结构2023\stack\x64\debug\stack.pdb
d:\数据结构2023\stack\stack\x64\debug\stack.tlog\cl.command.1.tlog
d:\数据结构2023\stack\stack\x64\debug\stack.tlog\cl.read.1.tlog
d:\数据结构2023\stack\stack\x64\debug\stack.tlog\cl.write.1.tlog
d:\数据结构2023\stack\stack\x64\debug\stack.tlog\link-cvtres.read.1.tlog
d:\数据结构2023\stack\stack\x64\debug\stack.tlog\link-cvtres.write.1.tlog
d:\数据结构2023\stack\stack\x64\debug\stack.tlog\link-rc.read.1.tlog
d:\数据结构2023\stack\stack\x64\debug\stack.tlog\link-rc.write.1.tlog
d:\数据结构2023\stack\stack\x64\debug\stack.tlog\link.26276-cvtres.read.1.tlog
d:\数据结构2023\stack\stack\x64\debug\stack.tlog\link.26276-cvtres.write.1.tlog
d:\数据结构2023\stack\stack\x64\debug\stack.tlog\link.26276-rc.read.1.tlog
d:\数据结构2023\stack\stack\x64\debug\stack.tlog\link.26276-rc.write.1.tlog
d:\数据结构2023\stack\stack\x64\debug\stack.tlog\link.26276.read.1.tlog
d:\数据结构2023\stack\stack\x64\debug\stack.tlog\link.26276.read.2.tlog
d:\数据结构2023\stack\stack\x64\debug\stack.tlog\link.26276.write.1.tlog
d:\数据结构2023\stack\stack\x64\debug\stack.tlog\link.command.1.tlog
d:\数据结构2023\stack\stack\x64\debug\stack.tlog\link.read.1.tlog
d:\数据结构2023\stack\stack\x64\debug\stack.tlog\link.read.2.tlog
d:\数据结构2023\stack\stack\x64\debug\stack.tlog\link.write.1.tlog
